<html>
<head>
<title>TestNG:  chromeTest</title>
<link href="../testng.css" rel="stylesheet" type="text/css" />
<link href="../my-testng.css" rel="stylesheet" type="text/css" />

<style type="text/css">
.log { display: none;} 
.stack-trace { display: none;} 
</style>
<script type="text/javascript">
<!--
function flip(e) {
  current = e.style.display;
  if (current == 'block') {
    e.style.display = 'none';
    return 0;
  }
  else {
    e.style.display = 'block';
    return 1;
  }
}

function toggleBox(szDivId, elem, msg1, msg2)
{
  var res = -1;  if (document.getElementById) {
    res = flip(document.getElementById(szDivId));
  }
  else if (document.all) {
    // this is the way old msie versions work
    res = flip(document.all[szDivId]);
  }
  if(elem) {
    if(res == 0) elem.innerHTML = msg1; else elem.innerHTML = msg2;
  }

}

function toggleAllBoxes() {
  if (document.getElementsByTagName) {
    d = document.getElementsByTagName('div');
    for (i = 0; i < d.length; i++) {
      if (d[i].className == 'log') {
        flip(d[i]);
      }
    }
  }
}

// -->
</script>

</head>
<body>
<h2 align='center'>chromeTest</h2><table border='1' align="center">
<tr>
<td>Tests passed/Failed/Skipped:</td><td>44/8/0</td>
</tr><tr>
<td>Started on:</td><td>Fri Mar 08 00:21:37 IST 2024</td>
</tr>
<tr><td>Total time:</td><td>638 seconds (638464 ms)</td>
</tr><tr>
<td>Included groups:</td><td></td>
</tr><tr>
<td>Excluded groups:</td><td></td>
</tr>
</table><p/>
<small><i>(Hover the method name to see the test class name)</i></small><p/>
<table width='100%' border='1' class='invocation-failed'>
<tr><td colspan='4' align='center'><b>FAILED TESTS</b></td></tr>
<tr><td><b>Test method</b></td>
<td width="30%"><b>Exception</b></td>
<td width="10%"><b>Time (seconds)</b></td>
<td><b>Instance</b></td>
</tr>
<tr>
<td title='com.xyz.qa.Testcases.DepositsPageTest.DepositNegativeAmt()'><b>DepositNegativeAmt</b><br>Test class: com.xyz.qa.Testcases.DepositsPageTest</td>
<td><div><pre>java.lang.AssertionError: Amount not added expected [false] but found [true]
	at com.xyz.qa.Testcases.DepositsPageTest.DepositNegativeAmt(DepositsPageTest.java:57)
	at java.base/java.util.concurrent.FutureTask.run(FutureTask.java:264)
	at java.base/java.util.concurrent.ThreadPoolExecutor.runWorker(ThreadPoolExecutor.java:1130)
	at java.base/java.util.concurrent.ThreadPoolExecutor$Worker.run(ThreadPoolExecutor.java:630)
	at java.base/java.lang.Thread.run(Thread.java:832)
... Removed 19 stack frames</pre></div><a href='#' onClick='toggleBox("stack-trace515424875", this, "Click to show all stack frames", "Click to hide stack frames")'>Click to show all stack frames</a>
<div class='stack-trace' id='stack-trace515424875'><pre>java.lang.AssertionError: Amount not added expected [false] but found [true]
	at org.testng.Assert.fail(Assert.java:93)
	at org.testng.Assert.failNotEquals(Assert.java:512)
	at org.testng.Assert.assertFalse(Assert.java:62)
	at com.xyz.qa.Testcases.DepositsPageTest.DepositNegativeAmt(DepositsPageTest.java:57)
	at java.base/jdk.internal.reflect.NativeMethodAccessorImpl.invoke0(Native Method)
	at java.base/jdk.internal.reflect.NativeMethodAccessorImpl.invoke(NativeMethodAccessorImpl.java:64)
	at java.base/jdk.internal.reflect.DelegatingMethodAccessorImpl.invoke(DelegatingMethodAccessorImpl.java:43)
	at java.base/java.lang.reflect.Method.invoke(Method.java:564)
	at org.testng.internal.MethodInvocationHelper.invokeMethod(MethodInvocationHelper.java:108)
	at org.testng.internal.Invoker.invokeMethod(Invoker.java:661)
	at org.testng.internal.Invoker.invokeTestMethod(Invoker.java:869)
	at org.testng.internal.Invoker.invokeTestMethods(Invoker.java:1193)
	at org.testng.internal.TestMethodWorker.invokeTestMethods(TestMethodWorker.java:126)
	at org.testng.internal.TestMethodWorker.run(TestMethodWorker.java:109)
	at org.testng.TestRunner.privateRun(TestRunner.java:744)
	at org.testng.TestRunner.run(TestRunner.java:602)
	at org.testng.SuiteRunner.runTest(SuiteRunner.java:380)
	at org.testng.SuiteRunner.access$000(SuiteRunner.java:39)
	at org.testng.SuiteRunner$SuiteWorker.run(SuiteRunner.java:414)
	at org.testng.internal.thread.ThreadUtil$1.call(ThreadUtil.java:52)
	at java.base/java.util.concurrent.FutureTask.run(FutureTask.java:264)
	at java.base/java.util.concurrent.ThreadPoolExecutor.runWorker(ThreadPoolExecutor.java:1130)
	at java.base/java.util.concurrent.ThreadPoolExecutor$Worker.run(ThreadPoolExecutor.java:630)
	at java.base/java.lang.Thread.run(Thread.java:832)
</pre></div></td>
<td>0</td>
<td>com.xyz.qa.Testcases.DepositsPageTest@be35cd9</td></tr>
<tr>
<td title='com.xyz.qa.Testcases.WithdrwalPageTest.DepositNegativeAmt()'><b>DepositNegativeAmt</b><br>Test class: com.xyz.qa.Testcases.WithdrwalPageTest</td>
<td><div><pre>java.lang.AssertionError: Amount not added expected [false] but found [true]
	at com.xyz.qa.Testcases.WithdrwalPageTest.DepositNegativeAmt(WithdrwalPageTest.java:54)
	at java.base/java.util.concurrent.FutureTask.run(FutureTask.java:264)
	at java.base/java.util.concurrent.ThreadPoolExecutor.runWorker(ThreadPoolExecutor.java:1130)
	at java.base/java.util.concurrent.ThreadPoolExecutor$Worker.run(ThreadPoolExecutor.java:630)
	at java.base/java.lang.Thread.run(Thread.java:832)
... Removed 19 stack frames</pre></div><a href='#' onClick='toggleBox("stack-trace190672490", this, "Click to show all stack frames", "Click to hide stack frames")'>Click to show all stack frames</a>
<div class='stack-trace' id='stack-trace190672490'><pre>java.lang.AssertionError: Amount not added expected [false] but found [true]
	at org.testng.Assert.fail(Assert.java:93)
	at org.testng.Assert.failNotEquals(Assert.java:512)
	at org.testng.Assert.assertFalse(Assert.java:62)
	at com.xyz.qa.Testcases.WithdrwalPageTest.DepositNegativeAmt(WithdrwalPageTest.java:54)
	at java.base/jdk.internal.reflect.NativeMethodAccessorImpl.invoke0(Native Method)
	at java.base/jdk.internal.reflect.NativeMethodAccessorImpl.invoke(NativeMethodAccessorImpl.java:64)
	at java.base/jdk.internal.reflect.DelegatingMethodAccessorImpl.invoke(DelegatingMethodAccessorImpl.java:43)
	at java.base/java.lang.reflect.Method.invoke(Method.java:564)
	at org.testng.internal.MethodInvocationHelper.invokeMethod(MethodInvocationHelper.java:108)
	at org.testng.internal.Invoker.invokeMethod(Invoker.java:661)
	at org.testng.internal.Invoker.invokeTestMethod(Invoker.java:869)
	at org.testng.internal.Invoker.invokeTestMethods(Invoker.java:1193)
	at org.testng.internal.TestMethodWorker.invokeTestMethods(TestMethodWorker.java:126)
	at org.testng.internal.TestMethodWorker.run(TestMethodWorker.java:109)
	at org.testng.TestRunner.privateRun(TestRunner.java:744)
	at org.testng.TestRunner.run(TestRunner.java:602)
	at org.testng.SuiteRunner.runTest(SuiteRunner.java:380)
	at org.testng.SuiteRunner.access$000(SuiteRunner.java:39)
	at org.testng.SuiteRunner$SuiteWorker.run(SuiteRunner.java:414)
	at org.testng.internal.thread.ThreadUtil$1.call(ThreadUtil.java:52)
	at java.base/java.util.concurrent.FutureTask.run(FutureTask.java:264)
	at java.base/java.util.concurrent.ThreadPoolExecutor.runWorker(ThreadPoolExecutor.java:1130)
	at java.base/java.util.concurrent.ThreadPoolExecutor$Worker.run(ThreadPoolExecutor.java:630)
	at java.base/java.lang.Thread.run(Thread.java:832)
</pre></div></td>
<td>0</td>
<td>com.xyz.qa.Testcases.WithdrwalPageTest@4944252c</td></tr>
<tr>
<td title='com.xyz.qa.Testcases.DepositsPageTest.DepositZeroAmt()'><b>DepositZeroAmt</b><br>Test class: com.xyz.qa.Testcases.DepositsPageTest</td>
<td><div><pre>java.lang.AssertionError: Amount not added expected [false] but found [true]
	at com.xyz.qa.Testcases.DepositsPageTest.DepositZeroAmt(DepositsPageTest.java:64)
	at java.base/java.util.concurrent.FutureTask.run(FutureTask.java:264)
	at java.base/java.util.concurrent.ThreadPoolExecutor.runWorker(ThreadPoolExecutor.java:1130)
	at java.base/java.util.concurrent.ThreadPoolExecutor$Worker.run(ThreadPoolExecutor.java:630)
	at java.base/java.lang.Thread.run(Thread.java:832)
... Removed 19 stack frames</pre></div><a href='#' onClick='toggleBox("stack-trace922921104", this, "Click to show all stack frames", "Click to hide stack frames")'>Click to show all stack frames</a>
<div class='stack-trace' id='stack-trace922921104'><pre>java.lang.AssertionError: Amount not added expected [false] but found [true]
	at org.testng.Assert.fail(Assert.java:93)
	at org.testng.Assert.failNotEquals(Assert.java:512)
	at org.testng.Assert.assertFalse(Assert.java:62)
	at com.xyz.qa.Testcases.DepositsPageTest.DepositZeroAmt(DepositsPageTest.java:64)
	at java.base/jdk.internal.reflect.NativeMethodAccessorImpl.invoke0(Native Method)
	at java.base/jdk.internal.reflect.NativeMethodAccessorImpl.invoke(NativeMethodAccessorImpl.java:64)
	at java.base/jdk.internal.reflect.DelegatingMethodAccessorImpl.invoke(DelegatingMethodAccessorImpl.java:43)
	at java.base/java.lang.reflect.Method.invoke(Method.java:564)
	at org.testng.internal.MethodInvocationHelper.invokeMethod(MethodInvocationHelper.java:108)
	at org.testng.internal.Invoker.invokeMethod(Invoker.java:661)
	at org.testng.internal.Invoker.invokeTestMethod(Invoker.java:869)
	at org.testng.internal.Invoker.invokeTestMethods(Invoker.java:1193)
	at org.testng.internal.TestMethodWorker.invokeTestMethods(TestMethodWorker.java:126)
	at org.testng.internal.TestMethodWorker.run(TestMethodWorker.java:109)
	at org.testng.TestRunner.privateRun(TestRunner.java:744)
	at org.testng.TestRunner.run(TestRunner.java:602)
	at org.testng.SuiteRunner.runTest(SuiteRunner.java:380)
	at org.testng.SuiteRunner.access$000(SuiteRunner.java:39)
	at org.testng.SuiteRunner$SuiteWorker.run(SuiteRunner.java:414)
	at org.testng.internal.thread.ThreadUtil$1.call(ThreadUtil.java:52)
	at java.base/java.util.concurrent.FutureTask.run(FutureTask.java:264)
	at java.base/java.util.concurrent.ThreadPoolExecutor.runWorker(ThreadPoolExecutor.java:1130)
	at java.base/java.util.concurrent.ThreadPoolExecutor$Worker.run(ThreadPoolExecutor.java:630)
	at java.base/java.lang.Thread.run(Thread.java:832)
</pre></div></td>
<td>0</td>
<td>com.xyz.qa.Testcases.DepositsPageTest@be35cd9</td></tr>
<tr>
<td title='com.xyz.qa.Testcases.WithdrwalPageTest.DepositZeroAmt()'><b>DepositZeroAmt</b><br>Test class: com.xyz.qa.Testcases.WithdrwalPageTest</td>
<td><div><pre>java.lang.AssertionError: Amount not added expected [false] but found [true]
	at com.xyz.qa.Testcases.WithdrwalPageTest.DepositZeroAmt(WithdrwalPageTest.java:61)
	at java.base/java.util.concurrent.FutureTask.run(FutureTask.java:264)
	at java.base/java.util.concurrent.ThreadPoolExecutor.runWorker(ThreadPoolExecutor.java:1130)
	at java.base/java.util.concurrent.ThreadPoolExecutor$Worker.run(ThreadPoolExecutor.java:630)
	at java.base/java.lang.Thread.run(Thread.java:832)
... Removed 19 stack frames</pre></div><a href='#' onClick='toggleBox("stack-trace781166861", this, "Click to show all stack frames", "Click to hide stack frames")'>Click to show all stack frames</a>
<div class='stack-trace' id='stack-trace781166861'><pre>java.lang.AssertionError: Amount not added expected [false] but found [true]
	at org.testng.Assert.fail(Assert.java:93)
	at org.testng.Assert.failNotEquals(Assert.java:512)
	at org.testng.Assert.assertFalse(Assert.java:62)
	at com.xyz.qa.Testcases.WithdrwalPageTest.DepositZeroAmt(WithdrwalPageTest.java:61)
	at java.base/jdk.internal.reflect.NativeMethodAccessorImpl.invoke0(Native Method)
	at java.base/jdk.internal.reflect.NativeMethodAccessorImpl.invoke(NativeMethodAccessorImpl.java:64)
	at java.base/jdk.internal.reflect.DelegatingMethodAccessorImpl.invoke(DelegatingMethodAccessorImpl.java:43)
	at java.base/java.lang.reflect.Method.invoke(Method.java:564)
	at org.testng.internal.MethodInvocationHelper.invokeMethod(MethodInvocationHelper.java:108)
	at org.testng.internal.Invoker.invokeMethod(Invoker.java:661)
	at org.testng.internal.Invoker.invokeTestMethod(Invoker.java:869)
	at org.testng.internal.Invoker.invokeTestMethods(Invoker.java:1193)
	at org.testng.internal.TestMethodWorker.invokeTestMethods(TestMethodWorker.java:126)
	at org.testng.internal.TestMethodWorker.run(TestMethodWorker.java:109)
	at org.testng.TestRunner.privateRun(TestRunner.java:744)
	at org.testng.TestRunner.run(TestRunner.java:602)
	at org.testng.SuiteRunner.runTest(SuiteRunner.java:380)
	at org.testng.SuiteRunner.access$000(SuiteRunner.java:39)
	at org.testng.SuiteRunner$SuiteWorker.run(SuiteRunner.java:414)
	at org.testng.internal.thread.ThreadUtil$1.call(ThreadUtil.java:52)
	at java.base/java.util.concurrent.FutureTask.run(FutureTask.java:264)
	at java.base/java.util.concurrent.ThreadPoolExecutor.runWorker(ThreadPoolExecutor.java:1130)
	at java.base/java.util.concurrent.ThreadPoolExecutor$Worker.run(ThreadPoolExecutor.java:630)
	at java.base/java.lang.Thread.run(Thread.java:832)
</pre></div></td>
<td>0</td>
<td>com.xyz.qa.Testcases.WithdrwalPageTest@4944252c</td></tr>
<tr>
<td title='com.xyz.qa.Testcases.ManagerLogoutTest.LogoutTest()'><b>LogoutTest</b><br>Test class: com.xyz.qa.Testcases.ManagerLogoutTest</td>
<td><div><pre>java.lang.AssertionError: Button Not Found expected [false] but found [true]
	at com.xyz.qa.Testcases.ManagerLogoutTest.LogoutTest(ManagerLogoutTest.java:46)
	at java.base/java.util.concurrent.FutureTask.run(FutureTask.java:264)
	at java.base/java.util.concurrent.ThreadPoolExecutor.runWorker(ThreadPoolExecutor.java:1130)
	at java.base/java.util.concurrent.ThreadPoolExecutor$Worker.run(ThreadPoolExecutor.java:630)
	at java.base/java.lang.Thread.run(Thread.java:832)
... Removed 19 stack frames</pre></div><a href='#' onClick='toggleBox("stack-trace1379019165", this, "Click to show all stack frames", "Click to hide stack frames")'>Click to show all stack frames</a>
<div class='stack-trace' id='stack-trace1379019165'><pre>java.lang.AssertionError: Button Not Found expected [false] but found [true]
	at org.testng.Assert.fail(Assert.java:93)
	at org.testng.Assert.failNotEquals(Assert.java:512)
	at org.testng.Assert.assertFalse(Assert.java:62)
	at com.xyz.qa.Testcases.ManagerLogoutTest.LogoutTest(ManagerLogoutTest.java:46)
	at java.base/jdk.internal.reflect.NativeMethodAccessorImpl.invoke0(Native Method)
	at java.base/jdk.internal.reflect.NativeMethodAccessorImpl.invoke(NativeMethodAccessorImpl.java:64)
	at java.base/jdk.internal.reflect.DelegatingMethodAccessorImpl.invoke(DelegatingMethodAccessorImpl.java:43)
	at java.base/java.lang.reflect.Method.invoke(Method.java:564)
	at org.testng.internal.MethodInvocationHelper.invokeMethod(MethodInvocationHelper.java:108)
	at org.testng.internal.Invoker.invokeMethod(Invoker.java:661)
	at org.testng.internal.Invoker.invokeTestMethod(Invoker.java:869)
	at org.testng.internal.Invoker.invokeTestMethods(Invoker.java:1193)
	at org.testng.internal.TestMethodWorker.invokeTestMethods(TestMethodWorker.java:126)
	at org.testng.internal.TestMethodWorker.run(TestMethodWorker.java:109)
	at org.testng.TestRunner.privateRun(TestRunner.java:744)
	at org.testng.TestRunner.run(TestRunner.java:602)
	at org.testng.SuiteRunner.runTest(SuiteRunner.java:380)
	at org.testng.SuiteRunner.access$000(SuiteRunner.java:39)
	at org.testng.SuiteRunner$SuiteWorker.run(SuiteRunner.java:414)
	at org.testng.internal.thread.ThreadUtil$1.call(ThreadUtil.java:52)
	at java.base/java.util.concurrent.FutureTask.run(FutureTask.java:264)
	at java.base/java.util.concurrent.ThreadPoolExecutor.runWorker(ThreadPoolExecutor.java:1130)
	at java.base/java.util.concurrent.ThreadPoolExecutor$Worker.run(ThreadPoolExecutor.java:630)
	at java.base/java.lang.Thread.run(Thread.java:832)
</pre></div></td>
<td>0</td>
<td>com.xyz.qa.Testcases.ManagerLogoutTest@2f8dad04</td></tr>
<tr>
<td title='com.xyz.qa.Testcases.TransactionsPageTest.ResetTransaction()'><b>ResetTransaction</b><br>Test class: com.xyz.qa.Testcases.TransactionsPageTest</td>
<td><div><pre>org.openqa.selenium.ElementNotInteractableException: element not interactable
  (Session info: chrome=122.0.6261.70)
Build info: version: &apos;3.14.0&apos;, revision: &apos;aacccce0&apos;, time: &apos;2018-08-02T20:19:58.91Z&apos;
System info: host: &apos;DESKTOP-JPVJA3L&apos;, ip: &apos;192.168.31.96&apos;, os.name: &apos;Windows 10&apos;, os.arch: &apos;amd64&apos;, os.version: &apos;10.0&apos;, java.version: &apos;15.0.2&apos;
Driver info: org.openqa.selenium.chrome.ChromeDriver
Capabilities {acceptInsecureCerts: false, browserName: chrome, browserVersion: 122.0.6261.70, chrome: {chromedriverVersion: 122.0.6261.94 (880dbf29479c..., userDataDir: C:\Users\Lenovo\AppData\Loc...}, fedcm:accounts: true, goog:chromeOptions: {debuggerAddress: localhost:60895}, javascriptEnabled: true, networkConnectionEnabled: false, pageLoadStrategy: normal, platform: WINDOWS, platformName: WINDOWS, proxy: Proxy(), setWindowRect: true, strictFileInteractability: false, timeouts: {implicit: 0, pageLoad: 300000, script: 30000}, unhandledPromptBehavior: dismiss and notify, webauthn:extension:credBlob: true, webauthn:extension:largeBlob: true, webauthn:extension:minPinLength: true, webauthn:extension:prf: true, webauthn:virtualAuthenticators: true}
Session ID: a9ffed0c1f3e587e9b5645807f5490fb
	at org.openqa.selenium.remote.http.W3CHttpResponseCodec.createException(W3CHttpResponseCodec.java:187)
	at org.openqa.selenium.remote.http.W3CHttpResponseCodec.decode(W3CHttpResponseCodec.java:122)
	at org.openqa.selenium.remote.http.W3CHttpResponseCodec.decode(W3CHttpResponseCodec.java:49)
	at org.openqa.selenium.remote.HttpCommandExecutor.execute(HttpCommandExecutor.java:158)
	at org.openqa.selenium.remote.service.DriverCommandExecutor.execute(DriverCommandExecutor.java:83)
	at org.openqa.selenium.remote.RemoteWebDriver.execute(RemoteWebDriver.java:548)
	at org.openqa.selenium.remote.RemoteWebElement.execute(RemoteWebElement.java:276)
	at org.openqa.selenium.remote.RemoteWebElement.click(RemoteWebElement.java:83)
	at org.openqa.selenium.support.pagefactory.internal.LocatingElementHandler.invoke(LocatingElementHandler.java:51)
	at com.sun.proxy.$Proxy12.click(Unknown Source)
	at com.xyz.qa.pages.TransactionsPage.clickReset(TransactionsPage.java:48)
	at com.xyz.qa.Testcases.TransactionsPageTest.ResetTransaction(TransactionsPageTest.java:53)
	at java.base/java.util.concurrent.FutureTask.run(FutureTask.java:264)
	at java.base/java.util.concurrent.ThreadPoolExecutor.runWorker(ThreadPoolExecutor.java:1130)
	at java.base/java.util.concurrent.ThreadPoolExecutor$Worker.run(ThreadPoolExecutor.java:630)
	at java.base/java.lang.Thread.run(Thread.java:832)
... Removed 24 stack frames</pre></div><a href='#' onClick='toggleBox("stack-trace1615090791", this, "Click to show all stack frames", "Click to hide stack frames")'>Click to show all stack frames</a>
<div class='stack-trace' id='stack-trace1615090791'><pre>org.openqa.selenium.ElementNotInteractableException: element not interactable
  (Session info: chrome=122.0.6261.70)
Build info: version: &apos;3.14.0&apos;, revision: &apos;aacccce0&apos;, time: &apos;2018-08-02T20:19:58.91Z&apos;
System info: host: &apos;DESKTOP-JPVJA3L&apos;, ip: &apos;192.168.31.96&apos;, os.name: &apos;Windows 10&apos;, os.arch: &apos;amd64&apos;, os.version: &apos;10.0&apos;, java.version: &apos;15.0.2&apos;
Driver info: org.openqa.selenium.chrome.ChromeDriver
Capabilities {acceptInsecureCerts: false, browserName: chrome, browserVersion: 122.0.6261.70, chrome: {chromedriverVersion: 122.0.6261.94 (880dbf29479c..., userDataDir: C:\Users\Lenovo\AppData\Loc...}, fedcm:accounts: true, goog:chromeOptions: {debuggerAddress: localhost:60895}, javascriptEnabled: true, networkConnectionEnabled: false, pageLoadStrategy: normal, platform: WINDOWS, platformName: WINDOWS, proxy: Proxy(), setWindowRect: true, strictFileInteractability: false, timeouts: {implicit: 0, pageLoad: 300000, script: 30000}, unhandledPromptBehavior: dismiss and notify, webauthn:extension:credBlob: true, webauthn:extension:largeBlob: true, webauthn:extension:minPinLength: true, webauthn:extension:prf: true, webauthn:virtualAuthenticators: true}
Session ID: a9ffed0c1f3e587e9b5645807f5490fb
	at java.base/jdk.internal.reflect.NativeConstructorAccessorImpl.newInstance0(Native Method)
	at java.base/jdk.internal.reflect.NativeConstructorAccessorImpl.newInstance(NativeConstructorAccessorImpl.java:64)
	at java.base/jdk.internal.reflect.DelegatingConstructorAccessorImpl.newInstance(DelegatingConstructorAccessorImpl.java:45)
	at java.base/java.lang.reflect.Constructor.newInstanceWithCaller(Constructor.java:500)
	at java.base/java.lang.reflect.Constructor.newInstance(Constructor.java:481)
	at org.openqa.selenium.remote.http.W3CHttpResponseCodec.createException(W3CHttpResponseCodec.java:187)
	at org.openqa.selenium.remote.http.W3CHttpResponseCodec.decode(W3CHttpResponseCodec.java:122)
	at org.openqa.selenium.remote.http.W3CHttpResponseCodec.decode(W3CHttpResponseCodec.java:49)
	at org.openqa.selenium.remote.HttpCommandExecutor.execute(HttpCommandExecutor.java:158)
	at org.openqa.selenium.remote.service.DriverCommandExecutor.execute(DriverCommandExecutor.java:83)
	at org.openqa.selenium.remote.RemoteWebDriver.execute(RemoteWebDriver.java:548)
	at org.openqa.selenium.remote.RemoteWebElement.execute(RemoteWebElement.java:276)
	at org.openqa.selenium.remote.RemoteWebElement.click(RemoteWebElement.java:83)
	at jdk.internal.reflect.GeneratedMethodAccessor2.invoke(Unknown Source)
	at java.base/jdk.internal.reflect.DelegatingMethodAccessorImpl.invoke(DelegatingMethodAccessorImpl.java:43)
	at java.base/java.lang.reflect.Method.invoke(Method.java:564)
	at org.openqa.selenium.support.pagefactory.internal.LocatingElementHandler.invoke(LocatingElementHandler.java:51)
	at com.sun.proxy.$Proxy12.click(Unknown Source)
	at com.xyz.qa.pages.TransactionsPage.clickReset(TransactionsPage.java:48)
	at com.xyz.qa.Testcases.TransactionsPageTest.ResetTransaction(TransactionsPageTest.java:53)
	at java.base/jdk.internal.reflect.NativeMethodAccessorImpl.invoke0(Native Method)
	at java.base/jdk.internal.reflect.NativeMethodAccessorImpl.invoke(NativeMethodAccessorImpl.java:64)
	at java.base/jdk.internal.reflect.DelegatingMethodAccessorImpl.invoke(DelegatingMethodAccessorImpl.java:43)
	at java.base/java.lang.reflect.Method.invoke(Method.java:564)
	at org.testng.internal.MethodInvocationHelper.invokeMethod(MethodInvocationHelper.java:108)
	at org.testng.internal.Invoker.invokeMethod(Invoker.java:661)
	at org.testng.internal.Invoker.invokeTestMethod(Invoker.java:869)
	at org.testng.internal.Invoker.invokeTestMethods(Invoker.java:1193)
	at org.testng.internal.TestMethodWorker.invokeTestMethods(TestMethodWorker.java:126)
	at org.testng.internal.TestMethodWorker.run(TestMethodWorker.java:109)
	at org.testng.TestRunner.privateRun(TestRunner.java:744)
	at org.testng.TestRunner.run(TestRunner.java:602)
	at org.testng.SuiteRunner.runTest(SuiteRunner.java:380)
	at org.testng.SuiteRunner.access$000(SuiteRunner.java:39)
	at org.testng.SuiteRunner$SuiteWorker.run(SuiteRunner.java:414)
	at org.testng.internal.thread.ThreadUtil$1.call(ThreadUtil.java:52)
	at java.base/java.util.concurrent.FutureTask.run(FutureTask.java:264)
	at java.base/java.util.concurrent.ThreadPoolExecutor.runWorker(ThreadPoolExecutor.java:1130)
	at java.base/java.util.concurrent.ThreadPoolExecutor$Worker.run(ThreadPoolExecutor.java:630)
	at java.base/java.lang.Thread.run(Thread.java:832)
</pre></div></td>
<td>20</td>
<td>com.xyz.qa.Testcases.TransactionsPageTest@44821a96</td></tr>
<tr>
<td title='com.xyz.qa.Testcases.AddCustomerTest.addcustomerwithInvalidData()'><b>addcustomerwithInvalidData</b><br>Test class: com.xyz.qa.Testcases.AddCustomerTest</td>
<td><div><pre>java.lang.AssertionError: First name should not be added with invalid data expected [false] but found [true]
	at com.xyz.qa.Testcases.AddCustomerTest.addcustomerwithInvalidData(AddCustomerTest.java:62)
	at java.base/java.util.concurrent.FutureTask.run(FutureTask.java:264)
	at java.base/java.util.concurrent.ThreadPoolExecutor.runWorker(ThreadPoolExecutor.java:1130)
	at java.base/java.util.concurrent.ThreadPoolExecutor$Worker.run(ThreadPoolExecutor.java:630)
	at java.base/java.lang.Thread.run(Thread.java:832)
... Removed 19 stack frames</pre></div><a href='#' onClick='toggleBox("stack-trace13656461", this, "Click to show all stack frames", "Click to hide stack frames")'>Click to show all stack frames</a>
<div class='stack-trace' id='stack-trace13656461'><pre>java.lang.AssertionError: First name should not be added with invalid data expected [false] but found [true]
	at org.testng.Assert.fail(Assert.java:93)
	at org.testng.Assert.failNotEquals(Assert.java:512)
	at org.testng.Assert.assertFalse(Assert.java:62)
	at com.xyz.qa.Testcases.AddCustomerTest.addcustomerwithInvalidData(AddCustomerTest.java:62)
	at java.base/jdk.internal.reflect.NativeMethodAccessorImpl.invoke0(Native Method)
	at java.base/jdk.internal.reflect.NativeMethodAccessorImpl.invoke(NativeMethodAccessorImpl.java:64)
	at java.base/jdk.internal.reflect.DelegatingMethodAccessorImpl.invoke(DelegatingMethodAccessorImpl.java:43)
	at java.base/java.lang.reflect.Method.invoke(Method.java:564)
	at org.testng.internal.MethodInvocationHelper.invokeMethod(MethodInvocationHelper.java:108)
	at org.testng.internal.Invoker.invokeMethod(Invoker.java:661)
	at org.testng.internal.Invoker.invokeTestMethod(Invoker.java:869)
	at org.testng.internal.Invoker.invokeTestMethods(Invoker.java:1193)
	at org.testng.internal.TestMethodWorker.invokeTestMethods(TestMethodWorker.java:126)
	at org.testng.internal.TestMethodWorker.run(TestMethodWorker.java:109)
	at org.testng.TestRunner.privateRun(TestRunner.java:744)
	at org.testng.TestRunner.run(TestRunner.java:602)
	at org.testng.SuiteRunner.runTest(SuiteRunner.java:380)
	at org.testng.SuiteRunner.access$000(SuiteRunner.java:39)
	at org.testng.SuiteRunner$SuiteWorker.run(SuiteRunner.java:414)
	at org.testng.internal.thread.ThreadUtil$1.call(ThreadUtil.java:52)
	at java.base/java.util.concurrent.FutureTask.run(FutureTask.java:264)
	at java.base/java.util.concurrent.ThreadPoolExecutor.runWorker(ThreadPoolExecutor.java:1130)
	at java.base/java.util.concurrent.ThreadPoolExecutor$Worker.run(ThreadPoolExecutor.java:630)
	at java.base/java.lang.Thread.run(Thread.java:832)
</pre></div></td>
<td>1</td>
<td>com.xyz.qa.Testcases.AddCustomerTest@4e7912d8</td></tr>
<tr>
<td title='com.xyz.qa.Testcases.AddCustomerTest.addcustomerwithblankData()'><b>addcustomerwithblankData</b><br>Test class: com.xyz.qa.Testcases.AddCustomerTest</td>
<td><div><pre>java.lang.AssertionError: First name is not displayed expected [false] but found [true]
	at com.xyz.qa.Testcases.AddCustomerTest.addcustomerwithblankData(AddCustomerTest.java:76)
	at java.base/java.util.concurrent.FutureTask.run(FutureTask.java:264)
	at java.base/java.util.concurrent.ThreadPoolExecutor.runWorker(ThreadPoolExecutor.java:1130)
	at java.base/java.util.concurrent.ThreadPoolExecutor$Worker.run(ThreadPoolExecutor.java:630)
	at java.base/java.lang.Thread.run(Thread.java:832)
... Removed 19 stack frames</pre></div><a href='#' onClick='toggleBox("stack-trace1887613497", this, "Click to show all stack frames", "Click to hide stack frames")'>Click to show all stack frames</a>
<div class='stack-trace' id='stack-trace1887613497'><pre>java.lang.AssertionError: First name is not displayed expected [false] but found [true]
	at org.testng.Assert.fail(Assert.java:93)
	at org.testng.Assert.failNotEquals(Assert.java:512)
	at org.testng.Assert.assertFalse(Assert.java:62)
	at com.xyz.qa.Testcases.AddCustomerTest.addcustomerwithblankData(AddCustomerTest.java:76)
	at java.base/jdk.internal.reflect.NativeMethodAccessorImpl.invoke0(Native Method)
	at java.base/jdk.internal.reflect.NativeMethodAccessorImpl.invoke(NativeMethodAccessorImpl.java:64)
	at java.base/jdk.internal.reflect.DelegatingMethodAccessorImpl.invoke(DelegatingMethodAccessorImpl.java:43)
	at java.base/java.lang.reflect.Method.invoke(Method.java:564)
	at org.testng.internal.MethodInvocationHelper.invokeMethod(MethodInvocationHelper.java:108)
	at org.testng.internal.Invoker.invokeMethod(Invoker.java:661)
	at org.testng.internal.Invoker.invokeTestMethod(Invoker.java:869)
	at org.testng.internal.Invoker.invokeTestMethods(Invoker.java:1193)
	at org.testng.internal.TestMethodWorker.invokeTestMethods(TestMethodWorker.java:126)
	at org.testng.internal.TestMethodWorker.run(TestMethodWorker.java:109)
	at org.testng.TestRunner.privateRun(TestRunner.java:744)
	at org.testng.TestRunner.run(TestRunner.java:602)
	at org.testng.SuiteRunner.runTest(SuiteRunner.java:380)
	at org.testng.SuiteRunner.access$000(SuiteRunner.java:39)
	at org.testng.SuiteRunner$SuiteWorker.run(SuiteRunner.java:414)
	at org.testng.internal.thread.ThreadUtil$1.call(ThreadUtil.java:52)
	at java.base/java.util.concurrent.FutureTask.run(FutureTask.java:264)
	at java.base/java.util.concurrent.ThreadPoolExecutor.runWorker(ThreadPoolExecutor.java:1130)
	at java.base/java.util.concurrent.ThreadPoolExecutor$Worker.run(ThreadPoolExecutor.java:630)
	at java.base/java.lang.Thread.run(Thread.java:832)
</pre></div></td>
<td>1</td>
<td>com.xyz.qa.Testcases.AddCustomerTest@4e7912d8</td></tr>
</table><p>
<table width='100%' border='1' class='invocation-passed'>
<tr><td colspan='4' align='center'><b>PASSED TESTS</b></td></tr>
<tr><td><b>Test method</b></td>
<td width="30%"><b>Exception</b></td>
<td width="10%"><b>Time (seconds)</b></td>
<td><b>Instance</b></td>
</tr>
<tr>
<td title='com.xyz.qa.Testcases.CustomerHomePageTest.AccountNumberTest()'><b>AccountNumberTest</b><br>Test class: com.xyz.qa.Testcases.CustomerHomePageTest</td>
<td></td>
<td>0</td>
<td>com.xyz.qa.Testcases.CustomerHomePageTest@41e1e210</td></tr>
<tr>
<td title='com.xyz.qa.Testcases.BankManagerHomePageTest.AddCustbtn()'><b>AddCustbtn</b><br>Test class: com.xyz.qa.Testcases.BankManagerHomePageTest</td>
<td></td>
<td>0</td>
<td>com.xyz.qa.Testcases.BankManagerHomePageTest@696da30b</td></tr>
<tr>
<td title='com.xyz.qa.Testcases.AddCustomerTest.AddCustomerTitleTest()'><b>AddCustomerTitleTest</b><br>Test class: com.xyz.qa.Testcases.AddCustomerTest</td>
<td></td>
<td>0</td>
<td>com.xyz.qa.Testcases.AddCustomerTest@4e7912d8</td></tr>
<tr>
<td title='com.xyz.qa.Testcases.TransactionsPageTest.BackTransaction()'><b>BackTransaction</b><br>Test class: com.xyz.qa.Testcases.TransactionsPageTest</td>
<td></td>
<td>0</td>
<td>com.xyz.qa.Testcases.TransactionsPageTest@44821a96</td></tr>
<tr>
<td title='com.xyz.qa.Testcases.BankManagerHomePageTest.BankManagerHomeTitleTest()'><b>BankManagerHomeTitleTest</b><br>Test class: com.xyz.qa.Testcases.BankManagerHomePageTest</td>
<td></td>
<td>0</td>
<td>com.xyz.qa.Testcases.BankManagerHomePageTest@696da30b</td></tr>
<tr>
<td title='com.xyz.qa.Testcases.ManagerLogoutTest.BankManagerHomeTitleTest()'><b>BankManagerHomeTitleTest</b><br>Test class: com.xyz.qa.Testcases.ManagerLogoutTest</td>
<td></td>
<td>0</td>
<td>com.xyz.qa.Testcases.ManagerLogoutTest@2f8dad04</td></tr>
<tr>
<td title='com.xyz.qa.Testcases.DepositsPageTest.BankManagerHomeTitleTest()'><b>BankManagerHomeTitleTest</b><br>Test class: com.xyz.qa.Testcases.DepositsPageTest</td>
<td></td>
<td>0</td>
<td>com.xyz.qa.Testcases.DepositsPageTest@be35cd9</td></tr>
<tr>
<td title='com.xyz.qa.Testcases.WithdrwalPageTest.BankManagerHomeTitleTest()'><b>BankManagerHomeTitleTest</b><br>Test class: com.xyz.qa.Testcases.WithdrwalPageTest</td>
<td></td>
<td>0</td>
<td>com.xyz.qa.Testcases.WithdrwalPageTest@4944252c</td></tr>
<tr>
<td title='com.xyz.qa.Testcases.TransactionsPageTest.BankManagerHomeTitleTest()'><b>BankManagerHomeTitleTest</b><br>Test class: com.xyz.qa.Testcases.TransactionsPageTest</td>
<td></td>
<td>0</td>
<td>com.xyz.qa.Testcases.TransactionsPageTest@44821a96</td></tr>
<tr>
<td title='com.xyz.qa.Testcases.BankManagerLoginPageTest.BankManagerLoginTitleTest()'><b>BankManagerLoginTitleTest</b><br>Test class: com.xyz.qa.Testcases.BankManagerLoginPageTest</td>
<td></td>
<td>0</td>
<td>com.xyz.qa.Testcases.BankManagerLoginPageTest@5fd4f8f5</td></tr>
<tr>
<td title='com.xyz.qa.Testcases.CustomerHomePageTest.CustomerHomeTitleTest()'><b>CustomerHomeTitleTest</b><br>Test class: com.xyz.qa.Testcases.CustomerHomePageTest</td>
<td></td>
<td>0</td>
<td>com.xyz.qa.Testcases.CustomerHomePageTest@41e1e210</td></tr>
<tr>
<td title='com.xyz.qa.Testcases.CustomerLoginPageTest.CustomerLoginTest()'><b>CustomerLoginTest</b><br>Test class: com.xyz.qa.Testcases.CustomerLoginPageTest</td>
<td></td>
<td>1</td>
<td>com.xyz.qa.Testcases.CustomerLoginPageTest@29e495ff</td></tr>
<tr>
<td title='com.xyz.qa.Testcases.CustomerLoginPageTest.CustomerLoginTitleTest()'><b>CustomerLoginTitleTest</b><br>Test class: com.xyz.qa.Testcases.CustomerLoginPageTest</td>
<td></td>
<td>0</td>
<td>com.xyz.qa.Testcases.CustomerLoginPageTest@29e495ff</td></tr>
<tr>
<td title='com.xyz.qa.Testcases.CustomerHomePageTest.CustomerNameTest()'><b>CustomerNameTest</b><br>Test class: com.xyz.qa.Testcases.CustomerHomePageTest</td>
<td></td>
<td>0</td>
<td>com.xyz.qa.Testcases.CustomerHomePageTest@41e1e210</td></tr>
<tr>
<td title='com.xyz.qa.Testcases.CustomerPageTest.DeleteSearchedCustomer()'><b>DeleteSearchedCustomer</b><br>Test class: com.xyz.qa.Testcases.CustomerPageTest</td>
<td></td>
<td>0</td>
<td>com.xyz.qa.Testcases.CustomerPageTest@2bfc268b</td></tr>
<tr>
<td title='com.xyz.qa.Testcases.DepositsPageTest.DepositBlankAmt()'><b>DepositBlankAmt</b><br>Test class: com.xyz.qa.Testcases.DepositsPageTest</td>
<td></td>
<td>0</td>
<td>com.xyz.qa.Testcases.DepositsPageTest@be35cd9</td></tr>
<tr>
<td title='com.xyz.qa.Testcases.WithdrwalPageTest.DepositBlankAmt()'><b>DepositBlankAmt</b><br>Test class: com.xyz.qa.Testcases.WithdrwalPageTest</td>
<td></td>
<td>0</td>
<td>com.xyz.qa.Testcases.WithdrwalPageTest@4944252c</td></tr>
<tr>
<td title='com.xyz.qa.Testcases.CustomerHomePageTest.DepositBtn()'><b>DepositBtn</b><br>Test class: com.xyz.qa.Testcases.CustomerHomePageTest</td>
<td></td>
<td>0</td>
<td>com.xyz.qa.Testcases.CustomerHomePageTest@41e1e210</td></tr>
<tr>
<td title='com.xyz.qa.Testcases.DepositsPageTest.DepositValidAmt()'><b>DepositValidAmt</b><br>Test class: com.xyz.qa.Testcases.DepositsPageTest</td>
<td></td>
<td>5</td>
<td>com.xyz.qa.Testcases.DepositsPageTest@be35cd9</td></tr>
<tr>
<td title='com.xyz.qa.Testcases.DepositsPageTest.DeposittenraisetopowAmt()'><b>DeposittenraisetopowAmt</b><br>Test class: com.xyz.qa.Testcases.DepositsPageTest</td>
<td></td>
<td>0</td>
<td>com.xyz.qa.Testcases.DepositsPageTest@be35cd9</td></tr>
<tr>
<td title='com.xyz.qa.Testcases.WithdrwalPageTest.DeposittenraisetopowAmt()'><b>DeposittenraisetopowAmt</b><br>Test class: com.xyz.qa.Testcases.WithdrwalPageTest</td>
<td></td>
<td>0</td>
<td>com.xyz.qa.Testcases.WithdrwalPageTest@4944252c</td></tr>
<tr>
<td title='com.xyz.qa.Testcases.OpenAccountTest.InvalidopenAccountwithblank()'><b>InvalidopenAccountwithblank</b><br>Test class: com.xyz.qa.Testcases.OpenAccountTest</td>
<td></td>
<td>0</td>
<td>com.xyz.qa.Testcases.OpenAccountTest@53976f5c</td></tr>
<tr>
<td title='com.xyz.qa.Testcases.OpenAccountTest.InvalidopenAccountwithcurrency()'><b>InvalidopenAccountwithcurrency</b><br>Test class: com.xyz.qa.Testcases.OpenAccountTest</td>
<td></td>
<td>0</td>
<td>com.xyz.qa.Testcases.OpenAccountTest@53976f5c</td></tr>
<tr>
<td title='com.xyz.qa.Testcases.OpenAccountTest.InvalidopenAccountwithselectcustomer()'><b>InvalidopenAccountwithselectcustomer</b><br>Test class: com.xyz.qa.Testcases.OpenAccountTest</td>
<td></td>
<td>0</td>
<td>com.xyz.qa.Testcases.OpenAccountTest@53976f5c</td></tr>
<tr>
<td title='com.xyz.qa.Testcases.BankManagerLoginPageTest.ManagerLoginTest()'><b>ManagerLoginTest</b><br>Test class: com.xyz.qa.Testcases.BankManagerLoginPageTest</td>
<td></td>
<td>0</td>
<td>com.xyz.qa.Testcases.BankManagerLoginPageTest@5fd4f8f5</td></tr>
<tr>
<td title='com.xyz.qa.Testcases.OpenAccountTest.OpenAccountTitleTest()'><b>OpenAccountTitleTest</b><br>Test class: com.xyz.qa.Testcases.OpenAccountTest</td>
<td></td>
<td>0</td>
<td>com.xyz.qa.Testcases.OpenAccountTest@53976f5c</td></tr>
<tr>
<td title='com.xyz.qa.Testcases.CustomerPageTest.OpenAccountTitleTest()'><b>OpenAccountTitleTest</b><br>Test class: com.xyz.qa.Testcases.CustomerPageTest</td>
<td></td>
<td>0</td>
<td>com.xyz.qa.Testcases.CustomerPageTest@2bfc268b</td></tr>
<tr>
<td title='com.xyz.qa.Testcases.CustomerPageTest.SortingUsingFirstName()'><b>SortingUsingFirstName</b><br>Test class: com.xyz.qa.Testcases.CustomerPageTest</td>
<td></td>
<td>0</td>
<td>com.xyz.qa.Testcases.CustomerPageTest@2bfc268b</td></tr>
<tr>
<td title='com.xyz.qa.Testcases.CustomerPageTest.SortingUsingLastName()'><b>SortingUsingLastName</b><br>Test class: com.xyz.qa.Testcases.CustomerPageTest</td>
<td></td>
<td>0</td>
<td>com.xyz.qa.Testcases.CustomerPageTest@2bfc268b</td></tr>
<tr>
<td title='com.xyz.qa.Testcases.CustomerPageTest.SortingUsingpost()'><b>SortingUsingpost</b><br>Test class: com.xyz.qa.Testcases.CustomerPageTest</td>
<td></td>
<td>0</td>
<td>com.xyz.qa.Testcases.CustomerPageTest@2bfc268b</td></tr>
<tr>
<td title='com.xyz.qa.Testcases.CustomerHomePageTest.TransactionBtn()'><b>TransactionBtn</b><br>Test class: com.xyz.qa.Testcases.CustomerHomePageTest</td>
<td></td>
<td>0</td>
<td>com.xyz.qa.Testcases.CustomerHomePageTest@41e1e210</td></tr>
<tr>
<td title='com.xyz.qa.Testcases.OpenAccountTest.ValidopenAccount()'><b>ValidopenAccount</b><br>Test class: com.xyz.qa.Testcases.OpenAccountTest</td>
<td></td>
<td>0</td>
<td>com.xyz.qa.Testcases.OpenAccountTest@53976f5c</td></tr>
<tr>
<td title='com.xyz.qa.Testcases.WithdrwalPageTest.WithdrawValidAmt()'><b>WithdrawValidAmt</b><br>Test class: com.xyz.qa.Testcases.WithdrwalPageTest</td>
<td></td>
<td>0</td>
<td>com.xyz.qa.Testcases.WithdrwalPageTest@4944252c</td></tr>
<tr>
<td title='com.xyz.qa.Testcases.CustomerHomePageTest.WithdrawalBtn()'><b>WithdrawalBtn</b><br>Test class: com.xyz.qa.Testcases.CustomerHomePageTest</td>
<td></td>
<td>0</td>
<td>com.xyz.qa.Testcases.CustomerHomePageTest@41e1e210</td></tr>
<tr>
<td title='com.xyz.qa.Testcases.AddCustomerTest.addcustomerwithvalidData()'><b>addcustomerwithvalidData</b><br>Test class: com.xyz.qa.Testcases.AddCustomerTest</td>
<td></td>
<td>0</td>
<td>com.xyz.qa.Testcases.AddCustomerTest@4e7912d8</td></tr>
<tr>
<td title='com.xyz.qa.Testcases.BankManagerHomePageTest.customerListbtn()'><b>customerListbtn</b><br>Test class: com.xyz.qa.Testcases.BankManagerHomePageTest</td>
<td></td>
<td>0</td>
<td>com.xyz.qa.Testcases.BankManagerHomePageTest@696da30b</td></tr>
<tr>
<td title='com.xyz.qa.Testcases.BankManagerHomePageTest.openAccountbtn()'><b>openAccountbtn</b><br>Test class: com.xyz.qa.Testcases.BankManagerHomePageTest</td>
<td></td>
<td>0</td>
<td>com.xyz.qa.Testcases.BankManagerHomePageTest@696da30b</td></tr>
<tr>
<td title='com.xyz.qa.Testcases.CustomerPageTest.searchCustomerusingAccNumber()'><b>searchCustomerusingAccNumber</b><br>Test class: com.xyz.qa.Testcases.CustomerPageTest</td>
<td></td>
<td>0</td>
<td>com.xyz.qa.Testcases.CustomerPageTest@2bfc268b</td></tr>
<tr>
<td title='com.xyz.qa.Testcases.CustomerPageTest.searchCustomerusingLastName()'><b>searchCustomerusingLastName</b><br>Test class: com.xyz.qa.Testcases.CustomerPageTest</td>
<td></td>
<td>0</td>
<td>com.xyz.qa.Testcases.CustomerPageTest@2bfc268b</td></tr>
<tr>
<td title='com.xyz.qa.Testcases.CustomerPageTest.searchCustomerusingPostCode()'><b>searchCustomerusingPostCode</b><br>Test class: com.xyz.qa.Testcases.CustomerPageTest</td>
<td></td>
<td>0</td>
<td>com.xyz.qa.Testcases.CustomerPageTest@2bfc268b</td></tr>
<tr>
<td title='com.xyz.qa.Testcases.CustomerPageTest.searchCustomerusingfirstName()'><b>searchCustomerusingfirstName</b><br>Test class: com.xyz.qa.Testcases.CustomerPageTest</td>
<td></td>
<td>0</td>
<td>com.xyz.qa.Testcases.CustomerPageTest@2bfc268b</td></tr>
<tr>
<td title='com.xyz.qa.Testcases.TransactionsPageTest.sortTransaction()'><b>sortTransaction</b><br>Test class: com.xyz.qa.Testcases.TransactionsPageTest</td>
<td></td>
<td>0</td>
<td>com.xyz.qa.Testcases.TransactionsPageTest@44821a96</td></tr>
<tr>
<td title='com.xyz.qa.Testcases.BankManagerLoginPageTest.xyzLogoTest()'><b>xyzLogoTest</b><br>Test class: com.xyz.qa.Testcases.BankManagerLoginPageTest</td>
<td></td>
<td>0</td>
<td>com.xyz.qa.Testcases.BankManagerLoginPageTest@5fd4f8f5</td></tr>
<tr>
<td title='com.xyz.qa.Testcases.CustomerLoginPageTest.xyzLogoTest()'><b>xyzLogoTest</b><br>Test class: com.xyz.qa.Testcases.CustomerLoginPageTest</td>
<td></td>
<td>0</td>
<td>com.xyz.qa.Testcases.CustomerLoginPageTest@29e495ff</td></tr>
</table><p>
</body>
</html>