<?xml version="1.0" encoding="UTF-8"?>
<!-- Generated by org.testng.reporters.JUnitXMLReporter -->
<testsuite ignored="0" hostname="DESKTOP-JPVJA3L" failures="8" tests="52" name="chromeTest" time="638.464" errors="0" timestamp="07 Mar 2024 19:02:16 GMT">
  <testcase classname="com.xyz.qa.Testcases.BankManagerLoginPageTest" name="BankManagerLoginTitleTest" time="0.292"/>
  <testcase classname="com.xyz.qa.Testcases.BankManagerHomePageTest" name="BankManagerHomeTitleTest" time="0.011"/>
  <testcase classname="com.xyz.qa.Testcases.AddCustomerTest" name="AddCustomerTitleTest" time="0.006"/>
  <testcase classname="com.xyz.qa.Testcases.OpenAccountTest" name="OpenAccountTitleTest" time="0.008"/>
  <testcase classname="com.xyz.qa.Testcases.CustomerPageTest" name="OpenAccountTitleTest" time="0.008"/>
  <testcase classname="com.xyz.qa.Testcases.ManagerLogoutTest" name="BankManagerHomeTitleTest" time="0.012"/>
  <testcase classname="com.xyz.qa.Testcases.CustomerLoginPageTest" name="CustomerLoginTitleTest" time="0.014"/>
  <testcase classname="com.xyz.qa.Testcases.CustomerHomePageTest" name="CustomerHomeTitleTest" time="0.011"/>
  <testcase classname="com.xyz.qa.Testcases.DepositsPageTest" name="BankManagerHomeTitleTest" time="0.027"/>
  <testcase classname="com.xyz.qa.Testcases.WithdrwalPageTest" name="BankManagerHomeTitleTest" time="0.011"/>
  <testcase classname="com.xyz.qa.Testcases.TransactionsPageTest" name="BankManagerHomeTitleTest" time="0.017"/>
  <testcase classname="com.xyz.qa.Testcases.BankManagerLoginPageTest" name="xyzLogoTest" time="0.594"/>
  <testcase classname="com.xyz.qa.Testcases.BankManagerHomePageTest" name="AddCustbtn" time="0.467"/>
  <testcase classname="com.xyz.qa.Testcases.AddCustomerTest" name="addcustomerwithInvalidData" time="1.212">
    <failure type="java.lang.AssertionError" message="First name should not be added with invalid data expected [false] but found [true]">
      <![CDATA[java.lang.AssertionError: First name should not be added with invalid data expected [false] but found [true]
	at com.xyz.qa.Testcases.AddCustomerTest.addcustomerwithInvalidData(AddCustomerTest.java:62)
	at java.base/java.util.concurrent.FutureTask.run(FutureTask.java:264)
	at java.base/java.util.concurrent.ThreadPoolExecutor.runWorker(ThreadPoolExecutor.java:1130)
	at java.base/java.util.concurrent.ThreadPoolExecutor$Worker.run(ThreadPoolExecutor.java:630)
	at java.base/java.lang.Thread.run(Thread.java:832)
... Removed 19 stack frames]]>
    </failure>
  </testcase> <!-- addcustomerwithInvalidData -->
  <testcase classname="com.xyz.qa.Testcases.AddCustomerTest" name="addcustomerwithvalidData" time="0.69"/>
  <testcase classname="com.xyz.qa.Testcases.OpenAccountTest" name="ValidopenAccount" time="0.761"/>
  <testcase classname="com.xyz.qa.Testcases.CustomerPageTest" name="searchCustomerusingfirstName" time="0.544"/>
  <testcase classname="com.xyz.qa.Testcases.ManagerLogoutTest" name="LogoutTest" time="0.127">
    <failure type="java.lang.AssertionError" message="Button Not Found expected [false] but found [true]">
      <![CDATA[java.lang.AssertionError: Button Not Found expected [false] but found [true]
	at com.xyz.qa.Testcases.ManagerLogoutTest.LogoutTest(ManagerLogoutTest.java:46)
	at java.base/java.util.concurrent.FutureTask.run(FutureTask.java:264)
	at java.base/java.util.concurrent.ThreadPoolExecutor.runWorker(ThreadPoolExecutor.java:1130)
	at java.base/java.util.concurrent.ThreadPoolExecutor$Worker.run(ThreadPoolExecutor.java:630)
	at java.base/java.lang.Thread.run(Thread.java:832)
... Removed 19 stack frames]]>
    </failure>
  </testcase> <!-- LogoutTest -->
  <testcase classname="com.xyz.qa.Testcases.CustomerLoginPageTest" name="xyzLogoTest" time="0.572"/>
  <testcase classname="com.xyz.qa.Testcases.CustomerHomePageTest" name="CustomerNameTest" time="0.533"/>
  <testcase classname="com.xyz.qa.Testcases.DepositsPageTest" name="DepositValidAmt" time="5.037"/>
  <testcase classname="com.xyz.qa.Testcases.WithdrwalPageTest" name="WithdrawValidAmt" time="0.561"/>
  <testcase classname="com.xyz.qa.Testcases.TransactionsPageTest" name="sortTransaction" time="0.443"/>
  <testcase classname="com.xyz.qa.Testcases.BankManagerLoginPageTest" name="ManagerLoginTest" time="0.7"/>
  <testcase classname="com.xyz.qa.Testcases.BankManagerHomePageTest" name="openAccountbtn" time="0.319"/>
  <testcase classname="com.xyz.qa.Testcases.AddCustomerTest" name="addcustomerwithblankData" time="1.379">
    <failure type="java.lang.AssertionError" message="First name is not displayed expected [false] but found [true]">
      <![CDATA[java.lang.AssertionError: First name is not displayed expected [false] but found [true]
	at com.xyz.qa.Testcases.AddCustomerTest.addcustomerwithblankData(AddCustomerTest.java:76)
	at java.base/java.util.concurrent.FutureTask.run(FutureTask.java:264)
	at java.base/java.util.concurrent.ThreadPoolExecutor.runWorker(ThreadPoolExecutor.java:1130)
	at java.base/java.util.concurrent.ThreadPoolExecutor$Worker.run(ThreadPoolExecutor.java:630)
	at java.base/java.lang.Thread.run(Thread.java:832)
... Removed 19 stack frames]]>
    </failure>
  </testcase> <!-- addcustomerwithblankData -->
  <testcase classname="com.xyz.qa.Testcases.OpenAccountTest" name="InvalidopenAccountwithselectcustomer" time="0.581"/>
  <testcase classname="com.xyz.qa.Testcases.CustomerPageTest" name="searchCustomerusingLastName" time="0.642"/>
  <testcase classname="com.xyz.qa.Testcases.CustomerLoginPageTest" name="CustomerLoginTest" time="1.106"/>
  <testcase classname="com.xyz.qa.Testcases.CustomerHomePageTest" name="AccountNumberTest" time="0.419"/>
  <testcase classname="com.xyz.qa.Testcases.DepositsPageTest" name="DepositNegativeAmt" time="0.487">
    <failure type="java.lang.AssertionError" message="Amount not added expected [false] but found [true]">
      <![CDATA[java.lang.AssertionError: Amount not added expected [false] but found [true]
	at com.xyz.qa.Testcases.DepositsPageTest.DepositNegativeAmt(DepositsPageTest.java:57)
	at java.base/java.util.concurrent.FutureTask.run(FutureTask.java:264)
	at java.base/java.util.concurrent.ThreadPoolExecutor.runWorker(ThreadPoolExecutor.java:1130)
	at java.base/java.util.concurrent.ThreadPoolExecutor$Worker.run(ThreadPoolExecutor.java:630)
	at java.base/java.lang.Thread.run(Thread.java:832)
... Removed 19 stack frames]]>
    </failure>
  </testcase> <!-- DepositNegativeAmt -->
  <testcase classname="com.xyz.qa.Testcases.WithdrwalPageTest" name="DepositNegativeAmt" time="0.516">
    <failure type="java.lang.AssertionError" message="Amount not added expected [false] but found [true]">
      <![CDATA[java.lang.AssertionError: Amount not added expected [false] but found [true]
	at com.xyz.qa.Testcases.WithdrwalPageTest.DepositNegativeAmt(WithdrwalPageTest.java:54)
	at java.base/java.util.concurrent.FutureTask.run(FutureTask.java:264)
	at java.base/java.util.concurrent.ThreadPoolExecutor.runWorker(ThreadPoolExecutor.java:1130)
	at java.base/java.util.concurrent.ThreadPoolExecutor$Worker.run(ThreadPoolExecutor.java:630)
	at java.base/java.lang.Thread.run(Thread.java:832)
... Removed 19 stack frames]]>
    </failure>
  </testcase> <!-- DepositNegativeAmt -->
  <testcase classname="com.xyz.qa.Testcases.TransactionsPageTest" name="ResetTransaction" time="20.372">
    <failure type="org.openqa.selenium.ElementNotInteractableException" message="element not interactable
  (Session info: chrome=122.0.6261.70)
Build info: version: &amp;apos;3.14.0&amp;apos;, revision: &amp;apos;aacccce0&amp;apos;, time: &amp;apos;2018-08-02T20:19:58.91Z&amp;apos;
System info: host: &amp;apos;DESKTOP-JPVJA3L&amp;apos;, ip: &amp;apos;192.168.31.96&amp;apos;, os.name: &amp;apos;Windows 10&amp;apos;, os.arch: &amp;apos;amd64&amp;apos;, os.version: &amp;apos;10.0&amp;apos;, java.version: &amp;apos;15.0.2&amp;apos;
Driver info: org.openqa.selenium.chrome.ChromeDriver
Capabilities {acceptInsecureCerts: false, browserName: chrome, browserVersion: 122.0.6261.70, chrome: {chromedriverVersion: 122.0.6261.94 (880dbf29479c..., userDataDir: C:\Users\Lenovo\AppData\Loc...}, fedcm:accounts: true, goog:chromeOptions: {debuggerAddress: localhost:60895}, javascriptEnabled: true, networkConnectionEnabled: false, pageLoadStrategy: normal, platform: WINDOWS, platformName: WINDOWS, proxy: Proxy(), setWindowRect: true, strictFileInteractability: false, timeouts: {implicit: 0, pageLoad: 300000, script: 30000}, unhandledPromptBehavior: dismiss and notify, webauthn:extension:credBlob: true, webauthn:extension:largeBlob: true, webauthn:extension:minPinLength: true, webauthn:extension:prf: true, webauthn:virtualAuthenticators: true}
Session ID: a9ffed0c1f3e587e9b5645807f5490fb">
      <![CDATA[org.openqa.selenium.ElementNotInteractableException: element not interactable
  (Session info: chrome=122.0.6261.70)
Build info: version: '3.14.0', revision: 'aacccce0', time: '2018-08-02T20:19:58.91Z'
System info: host: 'DESKTOP-JPVJA3L', ip: '192.168.31.96', os.name: 'Windows 10', os.arch: 'amd64', os.version: '10.0', java.version: '15.0.2'
Driver info: org.openqa.selenium.chrome.ChromeDriver
Capabilities {acceptInsecureCerts: false, browserName: chrome, browserVersion: 122.0.6261.70, chrome: {chromedriverVersion: 122.0.6261.94 (880dbf29479c..., userDataDir: C:\Users\Lenovo\AppData\Loc...}, fedcm:accounts: true, goog:chromeOptions: {debuggerAddress: localhost:60895}, javascriptEnabled: true, networkConnectionEnabled: false, pageLoadStrategy: normal, platform: WINDOWS, platformName: WINDOWS, proxy: Proxy(), setWindowRect: true, strictFileInteractability: false, timeouts: {implicit: 0, pageLoad: 300000, script: 30000}, unhandledPromptBehavior: dismiss and notify, webauthn:extension:credBlob: true, webauthn:extension:largeBlob: true, webauthn:extension:minPinLength: true, webauthn:extension:prf: true, webauthn:virtualAuthenticators: true}
Session ID: a9ffed0c1f3e587e9b5645807f5490fb
	at org.openqa.selenium.remote.http.W3CHttpResponseCodec.createException(W3CHttpResponseCodec.java:187)
	at org.openqa.selenium.remote.http.W3CHttpResponseCodec.decode(W3CHttpResponseCodec.java:122)
	at org.openqa.selenium.remote.http.W3CHttpResponseCodec.decode(W3CHttpResponseCodec.java:49)
	at org.openqa.selenium.remote.HttpCommandExecutor.execute(HttpCommandExecutor.java:158)
	at org.openqa.selenium.remote.service.DriverCommandExecutor.execute(DriverCommandExecutor.java:83)
	at org.openqa.selenium.remote.RemoteWebDriver.execute(RemoteWebDriver.java:548)
	at org.openqa.selenium.remote.RemoteWebElement.execute(RemoteWebElement.java:276)
	at org.openqa.selenium.remote.RemoteWebElement.click(RemoteWebElement.java:83)
	at org.openqa.selenium.support.pagefactory.internal.LocatingElementHandler.invoke(LocatingElementHandler.java:51)
	at com.sun.proxy.$Proxy12.click(Unknown Source)
	at com.xyz.qa.pages.TransactionsPage.clickReset(TransactionsPage.java:48)
	at com.xyz.qa.Testcases.TransactionsPageTest.ResetTransaction(TransactionsPageTest.java:53)
	at java.base/java.util.concurrent.FutureTask.run(FutureTask.java:264)
	at java.base/java.util.concurrent.ThreadPoolExecutor.runWorker(ThreadPoolExecutor.java:1130)
	at java.base/java.util.concurrent.ThreadPoolExecutor$Worker.run(ThreadPoolExecutor.java:630)
	at java.base/java.lang.Thread.run(Thread.java:832)
... Removed 24 stack frames]]>
    </failure>
  </testcase> <!-- ResetTransaction -->
  <testcase classname="com.xyz.qa.Testcases.BankManagerHomePageTest" name="customerListbtn" time="0.36"/>
  <testcase classname="com.xyz.qa.Testcases.OpenAccountTest" name="InvalidopenAccountwithcurrency" time="0.543"/>
  <testcase classname="com.xyz.qa.Testcases.CustomerPageTest" name="searchCustomerusingPostCode" time="0.457"/>
  <testcase classname="com.xyz.qa.Testcases.CustomerHomePageTest" name="TransactionBtn" time="0.416"/>
  <testcase classname="com.xyz.qa.Testcases.DepositsPageTest" name="DepositZeroAmt" time="0.473">
    <failure type="java.lang.AssertionError" message="Amount not added expected [false] but found [true]">
      <![CDATA[java.lang.AssertionError: Amount not added expected [false] but found [true]
	at com.xyz.qa.Testcases.DepositsPageTest.DepositZeroAmt(DepositsPageTest.java:64)
	at java.base/java.util.concurrent.FutureTask.run(FutureTask.java:264)
	at java.base/java.util.concurrent.ThreadPoolExecutor.runWorker(ThreadPoolExecutor.java:1130)
	at java.base/java.util.concurrent.ThreadPoolExecutor$Worker.run(ThreadPoolExecutor.java:630)
	at java.base/java.lang.Thread.run(Thread.java:832)
... Removed 19 stack frames]]>
    </failure>
  </testcase> <!-- DepositZeroAmt -->
  <testcase classname="com.xyz.qa.Testcases.WithdrwalPageTest" name="DepositZeroAmt" time="0.477">
    <failure type="java.lang.AssertionError" message="Amount not added expected [false] but found [true]">
      <![CDATA[java.lang.AssertionError: Amount not added expected [false] but found [true]
	at com.xyz.qa.Testcases.WithdrwalPageTest.DepositZeroAmt(WithdrwalPageTest.java:61)
	at java.base/java.util.concurrent.FutureTask.run(FutureTask.java:264)
	at java.base/java.util.concurrent.ThreadPoolExecutor.runWorker(ThreadPoolExecutor.java:1130)
	at java.base/java.util.concurrent.ThreadPoolExecutor$Worker.run(ThreadPoolExecutor.java:630)
	at java.base/java.lang.Thread.run(Thread.java:832)
... Removed 19 stack frames]]>
    </failure>
  </testcase> <!-- DepositZeroAmt -->
  <testcase classname="com.xyz.qa.Testcases.TransactionsPageTest" name="BackTransaction" time="0.322"/>
  <testcase classname="com.xyz.qa.Testcases.OpenAccountTest" name="InvalidopenAccountwithblank" time="0.383"/>
  <testcase classname="com.xyz.qa.Testcases.CustomerPageTest" name="searchCustomerusingAccNumber" time="0.476"/>
  <testcase classname="com.xyz.qa.Testcases.CustomerHomePageTest" name="DepositBtn" time="0.312"/>
  <testcase classname="com.xyz.qa.Testcases.DepositsPageTest" name="DepositBlankAmt" time="0.497"/>
  <testcase classname="com.xyz.qa.Testcases.WithdrwalPageTest" name="DepositBlankAmt" time="0.531"/>
  <testcase classname="com.xyz.qa.Testcases.CustomerPageTest" name="DeleteSearchedCustomer" time="0.51"/>
  <testcase classname="com.xyz.qa.Testcases.CustomerHomePageTest" name="WithdrawalBtn" time="0.37"/>
  <testcase classname="com.xyz.qa.Testcases.DepositsPageTest" name="DeposittenraisetopowAmt" time="0.482"/>
  <testcase classname="com.xyz.qa.Testcases.CustomerPageTest" name="SortingUsingFirstName" time="0.4"/>
  <testcase classname="com.xyz.qa.Testcases.WithdrwalPageTest" name="DeposittenraisetopowAmt" time="0.538"/>
  <testcase classname="com.xyz.qa.Testcases.CustomerPageTest" name="SortingUsingLastName" time="0.352"/>
  <testcase classname="com.xyz.qa.Testcases.CustomerPageTest" name="SortingUsingpost" time="0.387"/>
</testsuite> <!-- chromeTest -->
