<html>
<head>
<title>TestNG:  XYZ Bank testcases</title>
<link href="../testng.css" rel="stylesheet" type="text/css" />
<link href="../my-testng.css" rel="stylesheet" type="text/css" />

<style type="text/css">
.log { display: none;} 
.stack-trace { display: none;} 
</style>
<script type="text/javascript">
<!--
function flip(e) {
  current = e.style.display;
  if (current == 'block') {
    e.style.display = 'none';
    return 0;
  }
  else {
    e.style.display = 'block';
    return 1;
  }
}

function toggleBox(szDivId, elem, msg1, msg2)
{
  var res = -1;  if (document.getElementById) {
    res = flip(document.getElementById(szDivId));
  }
  else if (document.all) {
    // this is the way old msie versions work
    res = flip(document.all[szDivId]);
  }
  if(elem) {
    if(res == 0) elem.innerHTML = msg1; else elem.innerHTML = msg2;
  }

}

function toggleAllBoxes() {
  if (document.getElementsByTagName) {
    d = document.getElementsByTagName('div');
    for (i = 0; i < d.length; i++) {
      if (d[i].className == 'log') {
        flip(d[i]);
      }
    }
  }
}

// -->
</script>

</head>
<body>
<h2 align='center'>XYZ Bank testcases</h2><table border='1' align="center">
<tr>
<td>Tests passed/Failed/Skipped:</td><td>23/1/0</td>
</tr><tr>
<td>Started on:</td><td>Thu Mar 07 10:35:53 IST 2024</td>
</tr>
<tr><td>Total time:</td><td>256 seconds (256808 ms)</td>
</tr><tr>
<td>Included groups:</td><td></td>
</tr><tr>
<td>Excluded groups:</td><td></td>
</tr>
</table><p/>
<small><i>(Hover the method name to see the test class name)</i></small><p/>
<table width='100%' border='1' class='invocation-failed'>
<tr><td colspan='4' align='center'><b>FAILED TESTS</b></td></tr>
<tr><td><b>Test method</b></td>
<td width="30%"><b>Exception</b></td>
<td width="10%"><b>Time (seconds)</b></td>
<td><b>Instance</b></td>
</tr>
<tr>
<td title='com.xyz.qa.Testcases.AddCustomerTest.addcustomerwithblankData()'><b>addcustomerwithblankData</b><br>Test class: com.xyz.qa.Testcases.AddCustomerTest</td>
<td><div><pre>org.openqa.selenium.NoSuchElementException: no such element: Unable to locate element: {&quot;method&quot;:&quot;css selector&quot;,&quot;selector&quot;:&quot;*[name=&apos;errormessage&apos;]&quot;}
  (Session info: chrome=122.0.6261.70)
For documentation on this error, please visit: http://seleniumhq.org/exceptions/no_such_element.html
Build info: version: &apos;3.14.0&apos;, revision: &apos;aacccce0&apos;, time: &apos;2018-08-02T20:19:58.91Z&apos;
System info: host: &apos;DESKTOP-JPVJA3L&apos;, ip: &apos;192.168.31.96&apos;, os.name: &apos;Windows 10&apos;, os.arch: &apos;amd64&apos;, os.version: &apos;10.0&apos;, java.version: &apos;15.0.2&apos;
Driver info: org.openqa.selenium.chrome.ChromeDriver
Capabilities {acceptInsecureCerts: false, browserName: chrome, browserVersion: 122.0.6261.70, chrome: {chromedriverVersion: 122.0.6261.94 (880dbf29479c..., userDataDir: C:\Users\Lenovo\AppData\Loc...}, fedcm:accounts: true, goog:chromeOptions: {debuggerAddress: localhost:59447}, javascriptEnabled: true, networkConnectionEnabled: false, pageLoadStrategy: normal, platform: WINDOWS, platformName: WINDOWS, proxy: Proxy(), setWindowRect: true, strictFileInteractability: false, timeouts: {implicit: 0, pageLoad: 300000, script: 30000}, unhandledPromptBehavior: dismiss and notify, webauthn:extension:credBlob: true, webauthn:extension:largeBlob: true, webauthn:extension:minPinLength: true, webauthn:extension:prf: true, webauthn:virtualAuthenticators: true}
Session ID: 4b7fe3ccc45830c7491df6a42988c47e
*** Element info: {Using=name, value=errormessage}
	at org.openqa.selenium.remote.http.W3CHttpResponseCodec.createException(W3CHttpResponseCodec.java:187)
	at org.openqa.selenium.remote.http.W3CHttpResponseCodec.decode(W3CHttpResponseCodec.java:122)
	at org.openqa.selenium.remote.http.W3CHttpResponseCodec.decode(W3CHttpResponseCodec.java:49)
	at org.openqa.selenium.remote.HttpCommandExecutor.execute(HttpCommandExecutor.java:158)
	at org.openqa.selenium.remote.service.DriverCommandExecutor.execute(DriverCommandExecutor.java:83)
	at org.openqa.selenium.remote.RemoteWebDriver.execute(RemoteWebDriver.java:548)
	at org.openqa.selenium.remote.RemoteWebDriver.findElement(RemoteWebDriver.java:322)
	at org.openqa.selenium.remote.RemoteWebDriver.findElementByName(RemoteWebDriver.java:400)
	at org.openqa.selenium.By$ByName.findElement(By.java:284)
	at org.openqa.selenium.support.ByIdOrName.findElement(ByIdOrName.java:50)
	at org.openqa.selenium.remote.RemoteWebDriver.findElement(RemoteWebDriver.java:314)
	at org.openqa.selenium.support.pagefactory.DefaultElementLocator.findElement(DefaultElementLocator.java:69)
	at org.openqa.selenium.support.pagefactory.internal.LocatingElementHandler.invoke(LocatingElementHandler.java:38)
	at com.sun.proxy.$Proxy12.isDisplayed(Unknown Source)
	at com.xyz.qa.pages.AddCustomerPage.isErrorMessageDisplayed(AddCustomerPage.java:76)
	at com.xyz.qa.Testcases.AddCustomerTest.addcustomerwithblankData(AddCustomerTest.java:66)
... Removed 30 stack frames</pre></div><a href='#' onClick='toggleBox("stack-trace1182469998", this, "Click to show all stack frames", "Click to hide stack frames")'>Click to show all stack frames</a>
<div class='stack-trace' id='stack-trace1182469998'><pre>org.openqa.selenium.NoSuchElementException: no such element: Unable to locate element: {&quot;method&quot;:&quot;css selector&quot;,&quot;selector&quot;:&quot;*[name=&apos;errormessage&apos;]&quot;}
  (Session info: chrome=122.0.6261.70)
For documentation on this error, please visit: http://seleniumhq.org/exceptions/no_such_element.html
Build info: version: &apos;3.14.0&apos;, revision: &apos;aacccce0&apos;, time: &apos;2018-08-02T20:19:58.91Z&apos;
System info: host: &apos;DESKTOP-JPVJA3L&apos;, ip: &apos;192.168.31.96&apos;, os.name: &apos;Windows 10&apos;, os.arch: &apos;amd64&apos;, os.version: &apos;10.0&apos;, java.version: &apos;15.0.2&apos;
Driver info: org.openqa.selenium.chrome.ChromeDriver
Capabilities {acceptInsecureCerts: false, browserName: chrome, browserVersion: 122.0.6261.70, chrome: {chromedriverVersion: 122.0.6261.94 (880dbf29479c..., userDataDir: C:\Users\Lenovo\AppData\Loc...}, fedcm:accounts: true, goog:chromeOptions: {debuggerAddress: localhost:59447}, javascriptEnabled: true, networkConnectionEnabled: false, pageLoadStrategy: normal, platform: WINDOWS, platformName: WINDOWS, proxy: Proxy(), setWindowRect: true, strictFileInteractability: false, timeouts: {implicit: 0, pageLoad: 300000, script: 30000}, unhandledPromptBehavior: dismiss and notify, webauthn:extension:credBlob: true, webauthn:extension:largeBlob: true, webauthn:extension:minPinLength: true, webauthn:extension:prf: true, webauthn:virtualAuthenticators: true}
Session ID: 4b7fe3ccc45830c7491df6a42988c47e
*** Element info: {Using=name, value=errormessage}
	at java.base/jdk.internal.reflect.NativeConstructorAccessorImpl.newInstance0(Native Method)
	at java.base/jdk.internal.reflect.NativeConstructorAccessorImpl.newInstance(NativeConstructorAccessorImpl.java:64)
	at java.base/jdk.internal.reflect.DelegatingConstructorAccessorImpl.newInstance(DelegatingConstructorAccessorImpl.java:45)
	at java.base/java.lang.reflect.Constructor.newInstanceWithCaller(Constructor.java:500)
	at java.base/java.lang.reflect.Constructor.newInstance(Constructor.java:481)
	at org.openqa.selenium.remote.http.W3CHttpResponseCodec.createException(W3CHttpResponseCodec.java:187)
	at org.openqa.selenium.remote.http.W3CHttpResponseCodec.decode(W3CHttpResponseCodec.java:122)
	at org.openqa.selenium.remote.http.W3CHttpResponseCodec.decode(W3CHttpResponseCodec.java:49)
	at org.openqa.selenium.remote.HttpCommandExecutor.execute(HttpCommandExecutor.java:158)
	at org.openqa.selenium.remote.service.DriverCommandExecutor.execute(DriverCommandExecutor.java:83)
	at org.openqa.selenium.remote.RemoteWebDriver.execute(RemoteWebDriver.java:548)
	at org.openqa.selenium.remote.RemoteWebDriver.findElement(RemoteWebDriver.java:322)
	at org.openqa.selenium.remote.RemoteWebDriver.findElementByName(RemoteWebDriver.java:400)
	at org.openqa.selenium.By$ByName.findElement(By.java:284)
	at org.openqa.selenium.support.ByIdOrName.findElement(ByIdOrName.java:50)
	at org.openqa.selenium.remote.RemoteWebDriver.findElement(RemoteWebDriver.java:314)
	at org.openqa.selenium.support.pagefactory.DefaultElementLocator.findElement(DefaultElementLocator.java:69)
	at org.openqa.selenium.support.pagefactory.internal.LocatingElementHandler.invoke(LocatingElementHandler.java:38)
	at com.sun.proxy.$Proxy12.isDisplayed(Unknown Source)
	at com.xyz.qa.pages.AddCustomerPage.isErrorMessageDisplayed(AddCustomerPage.java:76)
	at com.xyz.qa.Testcases.AddCustomerTest.addcustomerwithblankData(AddCustomerTest.java:66)
	at java.base/jdk.internal.reflect.NativeMethodAccessorImpl.invoke0(Native Method)
	at java.base/jdk.internal.reflect.NativeMethodAccessorImpl.invoke(NativeMethodAccessorImpl.java:64)
	at java.base/jdk.internal.reflect.DelegatingMethodAccessorImpl.invoke(DelegatingMethodAccessorImpl.java:43)
	at java.base/java.lang.reflect.Method.invoke(Method.java:564)
	at org.testng.internal.MethodInvocationHelper.invokeMethod(MethodInvocationHelper.java:108)
	at org.testng.internal.Invoker.invokeMethod(Invoker.java:661)
	at org.testng.internal.Invoker.invokeTestMethod(Invoker.java:869)
	at org.testng.internal.Invoker.invokeTestMethods(Invoker.java:1193)
	at org.testng.internal.TestMethodWorker.invokeTestMethods(TestMethodWorker.java:126)
	at org.testng.internal.TestMethodWorker.run(TestMethodWorker.java:109)
	at org.testng.TestRunner.privateRun(TestRunner.java:744)
	at org.testng.TestRunner.run(TestRunner.java:602)
	at org.testng.SuiteRunner.runTest(SuiteRunner.java:380)
	at org.testng.SuiteRunner.runSequentially(SuiteRunner.java:375)
	at org.testng.SuiteRunner.privateRun(SuiteRunner.java:340)
	at org.testng.SuiteRunner.run(SuiteRunner.java:289)
	at org.testng.SuiteRunnerWorker.runSuite(SuiteRunnerWorker.java:52)
	at org.testng.SuiteRunnerWorker.run(SuiteRunnerWorker.java:86)
	at org.testng.TestNG.runSuitesSequentially(TestNG.java:1301)
	at org.testng.TestNG.runSuitesLocally(TestNG.java:1226)
	at org.testng.TestNG.runSuites(TestNG.java:1144)
	at org.testng.TestNG.run(TestNG.java:1115)
	at org.testng.remote.AbstractRemoteTestNG.run(AbstractRemoteTestNG.java:115)
	at org.testng.remote.RemoteTestNG.initAndRun(RemoteTestNG.java:251)
	at org.testng.remote.RemoteTestNG.main(RemoteTestNG.java:77)
</pre></div></td>
<td>21</td>
<td>com.xyz.qa.Testcases.AddCustomerTest@61386958</td></tr>
</table><p>
<table width='100%' border='1' class='invocation-passed'>
<tr><td colspan='4' align='center'><b>PASSED TESTS</b></td></tr>
<tr><td><b>Test method</b></td>
<td width="30%"><b>Exception</b></td>
<td width="10%"><b>Time (seconds)</b></td>
<td><b>Instance</b></td>
</tr>
<tr>
<td title='com.xyz.qa.Testcases.BankManagerHomePageTest.AddCustbtn()'><b>AddCustbtn</b><br>Test class: com.xyz.qa.Testcases.BankManagerHomePageTest</td>
<td></td>
<td>0</td>
<td>com.xyz.qa.Testcases.BankManagerHomePageTest@2e222612</td></tr>
<tr>
<td title='com.xyz.qa.Testcases.BankManagerHomePageTest.BankManagerHomeTitleTest()'><b>BankManagerHomeTitleTest</b><br>Test class: com.xyz.qa.Testcases.BankManagerHomePageTest</td>
<td></td>
<td>0</td>
<td>com.xyz.qa.Testcases.BankManagerHomePageTest@2e222612</td></tr>
<tr>
<td title='com.xyz.qa.Testcases.BankManagerLoginPageTest.BankManagerLoginTitleTest()'><b>BankManagerLoginTitleTest</b><br>Test class: com.xyz.qa.Testcases.BankManagerLoginPageTest</td>
<td></td>
<td>0</td>
<td>com.xyz.qa.Testcases.BankManagerLoginPageTest@3246fb96</td></tr>
<tr>
<td title='com.xyz.qa.Testcases.CustomerPageTest.DeleteSearchedCustomer()'><b>DeleteSearchedCustomer</b><br>Test class: com.xyz.qa.Testcases.CustomerPageTest</td>
<td></td>
<td>0</td>
<td>com.xyz.qa.Testcases.CustomerPageTest@7671cb68</td></tr>
<tr>
<td title='com.xyz.qa.Testcases.OpenAccountTest.InvalidopenAccountwithblank()'><b>InvalidopenAccountwithblank</b><br>Test class: com.xyz.qa.Testcases.OpenAccountTest</td>
<td></td>
<td>0</td>
<td>com.xyz.qa.Testcases.OpenAccountTest@73ee04c8</td></tr>
<tr>
<td title='com.xyz.qa.Testcases.OpenAccountTest.InvalidopenAccountwithcurrency()'><b>InvalidopenAccountwithcurrency</b><br>Test class: com.xyz.qa.Testcases.OpenAccountTest</td>
<td></td>
<td>1</td>
<td>com.xyz.qa.Testcases.OpenAccountTest@73ee04c8</td></tr>
<tr>
<td title='com.xyz.qa.Testcases.OpenAccountTest.InvalidopenAccountwithselectcustomer()'><b>InvalidopenAccountwithselectcustomer</b><br>Test class: com.xyz.qa.Testcases.OpenAccountTest</td>
<td></td>
<td>0</td>
<td>com.xyz.qa.Testcases.OpenAccountTest@73ee04c8</td></tr>
<tr>
<td title='com.xyz.qa.Testcases.BankManagerLoginPageTest.ManagerLoginTest()'><b>ManagerLoginTest</b><br>Test class: com.xyz.qa.Testcases.BankManagerLoginPageTest</td>
<td></td>
<td>2</td>
<td>com.xyz.qa.Testcases.BankManagerLoginPageTest@3246fb96</td></tr>
<tr>
<td title='com.xyz.qa.Testcases.OpenAccountTest.OpenAccountTitleTest()'><b>OpenAccountTitleTest</b><br>Test class: com.xyz.qa.Testcases.OpenAccountTest</td>
<td></td>
<td>0</td>
<td>com.xyz.qa.Testcases.OpenAccountTest@73ee04c8</td></tr>
<tr>
<td title='com.xyz.qa.Testcases.CustomerPageTest.OpenAccountTitleTest()'><b>OpenAccountTitleTest</b><br>Test class: com.xyz.qa.Testcases.CustomerPageTest</td>
<td></td>
<td>0</td>
<td>com.xyz.qa.Testcases.CustomerPageTest@7671cb68</td></tr>
<tr>
<td title='com.xyz.qa.Testcases.CustomerPageTest.SortingUsingFirstName()'><b>SortingUsingFirstName</b><br>Test class: com.xyz.qa.Testcases.CustomerPageTest</td>
<td></td>
<td>0</td>
<td>com.xyz.qa.Testcases.CustomerPageTest@7671cb68</td></tr>
<tr>
<td title='com.xyz.qa.Testcases.CustomerPageTest.SortingUsingLastName()'><b>SortingUsingLastName</b><br>Test class: com.xyz.qa.Testcases.CustomerPageTest</td>
<td></td>
<td>0</td>
<td>com.xyz.qa.Testcases.CustomerPageTest@7671cb68</td></tr>
<tr>
<td title='com.xyz.qa.Testcases.CustomerPageTest.SortingUsingpost()'><b>SortingUsingpost</b><br>Test class: com.xyz.qa.Testcases.CustomerPageTest</td>
<td></td>
<td>0</td>
<td>com.xyz.qa.Testcases.CustomerPageTest@7671cb68</td></tr>
<tr>
<td title='com.xyz.qa.Testcases.OpenAccountTest.ValidopenAccount()'><b>ValidopenAccount</b><br>Test class: com.xyz.qa.Testcases.OpenAccountTest</td>
<td></td>
<td>0</td>
<td>com.xyz.qa.Testcases.OpenAccountTest@73ee04c8</td></tr>
<tr>
<td title='com.xyz.qa.Testcases.AddCustomerTest.addcustomerwithInvalidData()'><b>addcustomerwithInvalidData</b><br>Test class: com.xyz.qa.Testcases.AddCustomerTest</td>
<td></td>
<td>0</td>
<td>com.xyz.qa.Testcases.AddCustomerTest@61386958</td></tr>
<tr>
<td title='com.xyz.qa.Testcases.AddCustomerTest.addcustomerwithvalidData()'><b>addcustomerwithvalidData</b><br>Test class: com.xyz.qa.Testcases.AddCustomerTest</td>
<td></td>
<td>1</td>
<td>com.xyz.qa.Testcases.AddCustomerTest@61386958</td></tr>
<tr>
<td title='com.xyz.qa.Testcases.BankManagerHomePageTest.customerListbtn()'><b>customerListbtn</b><br>Test class: com.xyz.qa.Testcases.BankManagerHomePageTest</td>
<td></td>
<td>0</td>
<td>com.xyz.qa.Testcases.BankManagerHomePageTest@2e222612</td></tr>
<tr>
<td title='com.xyz.qa.Testcases.BankManagerHomePageTest.openAccountbtn()'><b>openAccountbtn</b><br>Test class: com.xyz.qa.Testcases.BankManagerHomePageTest</td>
<td></td>
<td>0</td>
<td>com.xyz.qa.Testcases.BankManagerHomePageTest@2e222612</td></tr>
<tr>
<td title='com.xyz.qa.Testcases.CustomerPageTest.searchCustomerusingAccNumber()'><b>searchCustomerusingAccNumber</b><br>Test class: com.xyz.qa.Testcases.CustomerPageTest</td>
<td></td>
<td>0</td>
<td>com.xyz.qa.Testcases.CustomerPageTest@7671cb68</td></tr>
<tr>
<td title='com.xyz.qa.Testcases.CustomerPageTest.searchCustomerusingLastName()'><b>searchCustomerusingLastName</b><br>Test class: com.xyz.qa.Testcases.CustomerPageTest</td>
<td></td>
<td>0</td>
<td>com.xyz.qa.Testcases.CustomerPageTest@7671cb68</td></tr>
<tr>
<td title='com.xyz.qa.Testcases.CustomerPageTest.searchCustomerusingPostCode()'><b>searchCustomerusingPostCode</b><br>Test class: com.xyz.qa.Testcases.CustomerPageTest</td>
<td></td>
<td>0</td>
<td>com.xyz.qa.Testcases.CustomerPageTest@7671cb68</td></tr>
<tr>
<td title='com.xyz.qa.Testcases.CustomerPageTest.searchCustomerusingfirstName()'><b>searchCustomerusingfirstName</b><br>Test class: com.xyz.qa.Testcases.CustomerPageTest</td>
<td></td>
<td>0</td>
<td>com.xyz.qa.Testcases.CustomerPageTest@7671cb68</td></tr>
<tr>
<td title='com.xyz.qa.Testcases.BankManagerLoginPageTest.xyzLogoTest()'><b>xyzLogoTest</b><br>Test class: com.xyz.qa.Testcases.BankManagerLoginPageTest</td>
<td></td>
<td>0</td>
<td>com.xyz.qa.Testcases.BankManagerLoginPageTest@3246fb96</td></tr>
</table><p>
</body>
</html>