<?xml version="1.0" encoding="UTF-8"?>
<!-- Generated by org.testng.reporters.JUnitXMLReporter -->
<testsuite ignored="0" hostname="DESKTOP-JPVJA3L" failures="1" tests="24" name="XYZ Bank testcases" time="256.808" errors="0" timestamp="07 Mar 2024 05:10:10 GMT">
  <testcase classname="com.xyz.qa.Testcases.BankManagerLoginPageTest" name="BankManagerLoginTitleTest" time="0.019"/>
  <testcase classname="com.xyz.qa.Testcases.BankManagerHomePageTest" name="BankManagerHomeTitleTest" time="0.014"/>
  <testcase classname="com.xyz.qa.Testcases.AddCustomerTest" name="addcustomerwithvalidData" time="1.007"/>
  <testcase classname="com.xyz.qa.Testcases.OpenAccountTest" name="OpenAccountTitleTest" time="0.011"/>
  <testcase classname="com.xyz.qa.Testcases.CustomerPageTest" name="OpenAccountTitleTest" time="0.01"/>
  <testcase classname="com.xyz.qa.Testcases.BankManagerLoginPageTest" name="xyzLogoTest" time="0.731"/>
  <testcase classname="com.xyz.qa.Testcases.BankManagerHomePageTest" name="AddCustbtn" time="0.362"/>
  <testcase classname="com.xyz.qa.Testcases.AddCustomerTest" name="addcustomerwithInvalidData" time="0.905"/>
  <testcase classname="com.xyz.qa.Testcases.OpenAccountTest" name="ValidopenAccount" time="0.911"/>
  <testcase classname="com.xyz.qa.Testcases.CustomerPageTest" name="searchCustomerusingfirstName" time="0.551"/>
  <testcase classname="com.xyz.qa.Testcases.BankManagerLoginPageTest" name="ManagerLoginTest" time="2.648"/>
  <testcase classname="com.xyz.qa.Testcases.BankManagerHomePageTest" name="openAccountbtn" time="0.405"/>
  <testcase classname="com.xyz.qa.Testcases.AddCustomerTest" name="addcustomerwithblankData" time="21.421">
    <failure type="org.openqa.selenium.NoSuchElementException" message="no such element: Unable to locate element: {&amp;quot;method&amp;quot;:&amp;quot;css selector&amp;quot;,&amp;quot;selector&amp;quot;:&amp;quot;*[name=&amp;apos;errormessage&amp;apos;]&amp;quot;}
  (Session info: chrome=122.0.6261.70)
For documentation on this error, please visit: http://seleniumhq.org/exceptions/no_such_element.html
Build info: version: &amp;apos;3.14.0&amp;apos;, revision: &amp;apos;aacccce0&amp;apos;, time: &amp;apos;2018-08-02T20:19:58.91Z&amp;apos;
System info: host: &amp;apos;DESKTOP-JPVJA3L&amp;apos;, ip: &amp;apos;192.168.31.96&amp;apos;, os.name: &amp;apos;Windows 10&amp;apos;, os.arch: &amp;apos;amd64&amp;apos;, os.version: &amp;apos;10.0&amp;apos;, java.version: &amp;apos;15.0.2&amp;apos;
Driver info: org.openqa.selenium.chrome.ChromeDriver
Capabilities {acceptInsecureCerts: false, browserName: chrome, browserVersion: 122.0.6261.70, chrome: {chromedriverVersion: 122.0.6261.94 (880dbf29479c..., userDataDir: C:\Users\Lenovo\AppData\Loc...}, fedcm:accounts: true, goog:chromeOptions: {debuggerAddress: localhost:59447}, javascriptEnabled: true, networkConnectionEnabled: false, pageLoadStrategy: normal, platform: WINDOWS, platformName: WINDOWS, proxy: Proxy(), setWindowRect: true, strictFileInteractability: false, timeouts: {implicit: 0, pageLoad: 300000, script: 30000}, unhandledPromptBehavior: dismiss and notify, webauthn:extension:credBlob: true, webauthn:extension:largeBlob: true, webauthn:extension:minPinLength: true, webauthn:extension:prf: true, webauthn:virtualAuthenticators: true}
Session ID: 4b7fe3ccc45830c7491df6a42988c47e
*** Element info: {Using=name, value=errormessage}">
      <![CDATA[org.openqa.selenium.NoSuchElementException: no such element: Unable to locate element: {"method":"css selector","selector":"*[name='errormessage']"}
  (Session info: chrome=122.0.6261.70)
For documentation on this error, please visit: http://seleniumhq.org/exceptions/no_such_element.html
Build info: version: '3.14.0', revision: 'aacccce0', time: '2018-08-02T20:19:58.91Z'
System info: host: 'DESKTOP-JPVJA3L', ip: '192.168.31.96', os.name: 'Windows 10', os.arch: 'amd64', os.version: '10.0', java.version: '15.0.2'
Driver info: org.openqa.selenium.chrome.ChromeDriver
Capabilities {acceptInsecureCerts: false, browserName: chrome, browserVersion: 122.0.6261.70, chrome: {chromedriverVersion: 122.0.6261.94 (880dbf29479c..., userDataDir: C:\Users\Lenovo\AppData\Loc...}, fedcm:accounts: true, goog:chromeOptions: {debuggerAddress: localhost:59447}, javascriptEnabled: true, networkConnectionEnabled: false, pageLoadStrategy: normal, platform: WINDOWS, platformName: WINDOWS, proxy: Proxy(), setWindowRect: true, strictFileInteractability: false, timeouts: {implicit: 0, pageLoad: 300000, script: 30000}, unhandledPromptBehavior: dismiss and notify, webauthn:extension:credBlob: true, webauthn:extension:largeBlob: true, webauthn:extension:minPinLength: true, webauthn:extension:prf: true, webauthn:virtualAuthenticators: true}
Session ID: 4b7fe3ccc45830c7491df6a42988c47e
*** Element info: {Using=name, value=errormessage}
	at org.openqa.selenium.remote.http.W3CHttpResponseCodec.createException(W3CHttpResponseCodec.java:187)
	at org.openqa.selenium.remote.http.W3CHttpResponseCodec.decode(W3CHttpResponseCodec.java:122)
	at org.openqa.selenium.remote.http.W3CHttpResponseCodec.decode(W3CHttpResponseCodec.java:49)
	at org.openqa.selenium.remote.HttpCommandExecutor.execute(HttpCommandExecutor.java:158)
	at org.openqa.selenium.remote.service.DriverCommandExecutor.execute(DriverCommandExecutor.java:83)
	at org.openqa.selenium.remote.RemoteWebDriver.execute(RemoteWebDriver.java:548)
	at org.openqa.selenium.remote.RemoteWebDriver.findElement(RemoteWebDriver.java:322)
	at org.openqa.selenium.remote.RemoteWebDriver.findElementByName(RemoteWebDriver.java:400)
	at org.openqa.selenium.By$ByName.findElement(By.java:284)
	at org.openqa.selenium.support.ByIdOrName.findElement(ByIdOrName.java:50)
	at org.openqa.selenium.remote.RemoteWebDriver.findElement(RemoteWebDriver.java:314)
	at org.openqa.selenium.support.pagefactory.DefaultElementLocator.findElement(DefaultElementLocator.java:69)
	at org.openqa.selenium.support.pagefactory.internal.LocatingElementHandler.invoke(LocatingElementHandler.java:38)
	at com.sun.proxy.$Proxy12.isDisplayed(Unknown Source)
	at com.xyz.qa.pages.AddCustomerPage.isErrorMessageDisplayed(AddCustomerPage.java:76)
	at com.xyz.qa.Testcases.AddCustomerTest.addcustomerwithblankData(AddCustomerTest.java:66)
... Removed 30 stack frames]]>
    </failure>
  </testcase> <!-- addcustomerwithblankData -->
  <testcase classname="com.xyz.qa.Testcases.OpenAccountTest" name="InvalidopenAccountwithselectcustomer" time="0.619"/>
  <testcase classname="com.xyz.qa.Testcases.CustomerPageTest" name="searchCustomerusingLastName" time="0.563"/>
  <testcase classname="com.xyz.qa.Testcases.BankManagerHomePageTest" name="customerListbtn" time="0.352"/>
  <testcase classname="com.xyz.qa.Testcases.OpenAccountTest" name="InvalidopenAccountwithcurrency" time="1.196"/>
  <testcase classname="com.xyz.qa.Testcases.CustomerPageTest" name="searchCustomerusingPostCode" time="0.554"/>
  <testcase classname="com.xyz.qa.Testcases.OpenAccountTest" name="InvalidopenAccountwithblank" time="0.654"/>
  <testcase classname="com.xyz.qa.Testcases.CustomerPageTest" name="searchCustomerusingAccNumber" time="0.44"/>
  <testcase classname="com.xyz.qa.Testcases.CustomerPageTest" name="DeleteSearchedCustomer" time="0.466"/>
  <testcase classname="com.xyz.qa.Testcases.CustomerPageTest" name="SortingUsingFirstName" time="0.624"/>
  <testcase classname="com.xyz.qa.Testcases.CustomerPageTest" name="SortingUsingLastName" time="0.433"/>
  <testcase classname="com.xyz.qa.Testcases.CustomerPageTest" name="SortingUsingpost" time="0.998"/>
</testsuite> <!-- XYZ Bank testcases -->
